                                               QUERY PLAN                                                
---------------------------------------------------------------------------------------------------------
 [                                                                                                      
   {                                                                                                    
     "Plan": {                                                                                          
       "Node Type": "Aggregate",                                                                        
       "Strategy": "Hashed",                                                                            
       "Partial Mode": "Simple",                                                                        
       "Parallel Aware": false,                                                                         
       "Async Capable": false,                                                                          
       "Startup Cost": 20.31,                                                                           
       "Total Cost": 20.63,                                                                             
       "Plan Rows": 32,                                                                                 
       "Plan Width": 1048,                                                                              
       "Output": ["d.id", "d.tipo", "d.nome", "d.descricao", "count(c.id_documento)"],                  
       "Group Key": ["d.id"],                                                                           
       "Planned Partitions": 0,                                                                         
       "Shared Hit Blocks": 0,                                                                          
       "Shared Read Blocks": 0,                                                                         
       "Shared Dirtied Blocks": 0,                                                                      
       "Shared Written Blocks": 0,                                                                      
       "Local Hit Blocks": 0,                                                                           
       "Local Read Blocks": 0,                                                                          
       "Local Dirtied Blocks": 0,                                                                       
       "Local Written Blocks": 0,                                                                       
       "Temp Read Blocks": 0,                                                                           
       "Temp Written Blocks": 0,                                                                        
       "Plans": [                                                                                       
         {                                                                                              
           "Node Type": "Nested Loop",                                                                  
           "Parent Relationship": "Outer",                                                              
           "Parallel Aware": false,                                                                     
           "Async Capable": false,                                                                      
           "Join Type": "Left",                                                                         
           "Startup Cost": 8.32,                                                                        
           "Total Cost": 20.15,                                                                         
           "Plan Rows": 32,                                                                             
           "Plan Width": 1044,                                                                          
           "Output": ["d.id", "d.tipo", "d.nome", "d.descricao", "c.id_documento"],                     
           "Inner Unique": false,                                                                       
           "Shared Hit Blocks": 0,                                                                      
           "Shared Read Blocks": 0,                                                                     
           "Shared Dirtied Blocks": 0,                                                                  
           "Shared Written Blocks": 0,                                                                  
           "Local Hit Blocks": 0,                                                                       
           "Local Read Blocks": 0,                                                                      
           "Local Dirtied Blocks": 0,                                                                   
           "Local Written Blocks": 0,                                                                   
           "Temp Read Blocks": 0,                                                                       
           "Temp Written Blocks": 0,                                                                    
           "Plans": [                                                                                   
             {                                                                                          
               "Node Type": "Hash Join",                                                                
               "Parent Relationship": "Outer",                                                          
               "Parallel Aware": false,                                                                 
               "Async Capable": false,                                                                  
               "Join Type": "Inner",                                                                    
               "Startup Cost": 8.17,                                                                    
               "Total Cost": 19.06,                                                                     
               "Plan Rows": 1,                                                                          
               "Plan Width": 1040,                                                                      
               "Output": ["d.id", "d.tipo", "d.nome", "d.descricao"],                                   
               "Inner Unique": true,                                                                    
               "Hash Cond": "(d.id_dono = u.id)",                                                       
               "Shared Hit Blocks": 0,                                                                  
               "Shared Read Blocks": 0,                                                                 
               "Shared Dirtied Blocks": 0,                                                              
               "Shared Written Blocks": 0,                                                              
               "Local Hit Blocks": 0,                                                                   
               "Local Read Blocks": 0,                                                                  
               "Local Dirtied Blocks": 0,                                                               
               "Local Written Blocks": 0,                                                               
               "Temp Read Blocks": 0,                                                                   
               "Temp Written Blocks": 0,                                                                
               "Plans": [                                                                               
                 {                                                                                      
                   "Node Type": "Seq Scan",                                                             
                   "Parent Relationship": "Outer",                                                      
                   "Parallel Aware": false,                                                             
                   "Async Capable": false,                                                              
                   "Relation Name": "documento",                                                        
                   "Schema": "public",                                                                  
                   "Alias": "d",                                                                        
                   "Startup Cost": 0.00,                                                                
                   "Total Cost": 10.70,                                                                 
                   "Plan Rows": 70,                                                                     
                   "Plan Width": 1044,                                                                  
                   "Output": ["d.id", "d.tipo", "d.nome", "d.descricao", "d.data_criacao", "d.id_dono"],
                   "Shared Hit Blocks": 0,                                                              
                   "Shared Read Blocks": 0,                                                             
                   "Shared Dirtied Blocks": 0,                                                          
                   "Shared Written Blocks": 0,                                                          
                   "Local Hit Blocks": 0,                                                               
                   "Local Read Blocks": 0,                                                              
                   "Local Dirtied Blocks": 0,                                                           
                   "Local Written Blocks": 0,                                                           
                   "Temp Read Blocks": 0,                                                               
                   "Temp Written Blocks": 0                                                             
                 },                                                                                     
                 {                                                                                      
                   "Node Type": "Hash",                                                                 
                   "Parent Relationship": "Inner",                                                      
                   "Parallel Aware": false,                                                             
                   "Async Capable": false,                                                              
                   "Startup Cost": 8.16,                                                                
                   "Total Cost": 8.16,                                                                  
                   "Plan Rows": 1,                                                                      
                   "Plan Width": 4,                                                                     
                   "Output": ["u.id"],                                                                  
                   "Shared Hit Blocks": 0,                                                              
                   "Shared Read Blocks": 0,                                                             
                   "Shared Dirtied Blocks": 0,                                                          
                   "Shared Written Blocks": 0,                                                          
                   "Local Hit Blocks": 0,                                                               
                   "Local Read Blocks": 0,                                                              
                   "Local Dirtied Blocks": 0,                                                           
                   "Local Written Blocks": 0,                                                           
                   "Temp Read Blocks": 0,                                                               
                   "Temp Written Blocks": 0,                                                            
                   "Plans": [                                                                           
                     {                                                                                  
                       "Node Type": "Index Scan",                                                       
                       "Parent Relationship": "Outer",                                                  
                       "Parallel Aware": false,                                                         
                       "Async Capable": false,                                                          
                       "Scan Direction": "Forward",                                                     
                       "Index Name": "usuario_email_key",                                               
                       "Relation Name": "usuario",                                                      
                       "Schema": "public",                                                              
                       "Alias": "u",                                                                    
                       "Startup Cost": 0.14,                                                            
                       "Total Cost": 8.16,                                                              
                       "Plan Rows": 1,                                                                  
                       "Plan Width": 4,                                                                 
                       "Output": ["u.id"],                                                              
                       "Index Cond": "((u.email)::text = 'willian@email.com'::text)",                   
                       "Shared Hit Blocks": 0,                                                          
                       "Shared Read Blocks": 0,                                                         
                       "Shared Dirtied Blocks": 0,                                                      
                       "Shared Written Blocks": 0,                                                      
                       "Local Hit Blocks": 0,                                                           
                       "Local Read Blocks": 0,                                                          
                       "Local Dirtied Blocks": 0,                                                       
                       "Local Written Blocks": 0,                                                       
                       "Temp Read Blocks": 0,                                                           
                       "Temp Written Blocks": 0                                                         
                     }                                                                                  
                   ]                                                                                    
                 }                                                                                      
               ]                                                                                        
             },                                                                                         
             {                                                                                          
               "Node Type": "Index Only Scan",                                                          
               "Parent Relationship": "Inner",                                                          
               "Parallel Aware": false,                                                                 
               "Async Capable": false,                                                                  
               "Scan Direction": "Forward",                                                             
               "Index Name": "contribuicao_pkey",                                                       
               "Relation Name": "contribuicao",                                                         
               "Schema": "public",                                                                      
               "Alias": "c",                                                                            
               "Startup Cost": 0.15,                                                                    
               "Total Cost": 0.98,                                                                      
               "Plan Rows": 11,                                                                         
               "Plan Width": 4,                                                                         
               "Output": ["c.id_documento", "c.id_usuario"],                                            
               "Index Cond": "(c.id_documento = d.id)",                                                 
               "Shared Hit Blocks": 0,                                                                  
               "Shared Read Blocks": 0,                                                                 
               "Shared Dirtied Blocks": 0,                                                              
               "Shared Written Blocks": 0,                                                              
               "Local Hit Blocks": 0,                                                                   
               "Local Read Blocks": 0,                                                                  
               "Local Dirtied Blocks": 0,                                                               
               "Local Written Blocks": 0,                                                               
               "Temp Read Blocks": 0,                                                                   
               "Temp Written Blocks": 0                                                                 
             }                                                                                          
           ]                                                                                            
         }                                                                                              
       ]                                                                                                
     },                                                                                                 
     "Planning": {                                                                                      
       "Shared Hit Blocks": 167,                                                                        
       "Shared Read Blocks": 0,                                                                         
       "Shared Dirtied Blocks": 0,                                                                      
       "Shared Written Blocks": 0,                                                                      
       "Local Hit Blocks": 0,                                                                           
       "Local Read Blocks": 0,                                                                          
       "Local Dirtied Blocks": 0,                                                                       
       "Local Written Blocks": 0,                                                                       
       "Temp Read Blocks": 0,                                                                           
       "Temp Written Blocks": 0                                                                         
     }                                                                                                  
   }                                                                                                    
 ]
(1 row)

                                                         QUERY PLAN                                                          
-----------------------------------------------------------------------------------------------------------------------------
 [                                                                                                                          
   {                                                                                                                        
     "Plan": {                                                                                                              
       "Node Type": "Aggregate",                                                                                            
       "Strategy": "Sorted",                                                                                                
       "Partial Mode": "Simple",                                                                                            
       "Parallel Aware": false,                                                                                             
       "Async Capable": false,                                                                                              
       "Startup Cost": 46.56,                                                                                               
       "Total Cost": 47.34,                                                                                                 
       "Plan Rows": 45,                                                                                                     
       "Plan Width": 16,                                                                                                    
       "Output": ["f.id_documento", "f.data_limite", "count(DISTINCT r.id_usuario)"],                                       
       "Group Key": ["f.id_documento"],                                                                                     
       "Shared Hit Blocks": 0,                                                                                              
       "Shared Read Blocks": 0,                                                                                             
       "Shared Dirtied Blocks": 0,                                                                                          
       "Shared Written Blocks": 0,                                                                                          
       "Local Hit Blocks": 0,                                                                                               
       "Local Read Blocks": 0,                                                                                              
       "Local Dirtied Blocks": 0,                                                                                           
       "Local Written Blocks": 0,                                                                                           
       "Temp Read Blocks": 0,                                                                                               
       "Temp Written Blocks": 0,                                                                                            
       "Plans": [                                                                                                           
         {                                                                                                                  
           "Node Type": "Sort",                                                                                             
           "Parent Relationship": "Outer",                                                                                  
           "Parallel Aware": false,                                                                                         
           "Async Capable": false,                                                                                          
           "Startup Cost": 46.56,                                                                                           
           "Total Cost": 46.67,                                                                                             
           "Plan Rows": 45,                                                                                                 
           "Plan Width": 12,                                                                                                
           "Output": ["f.id_documento", "f.data_limite", "r.id_usuario"],                                                   
           "Sort Key": ["f.id_documento"],                                                                                  
           "Shared Hit Blocks": 0,                                                                                          
           "Shared Read Blocks": 0,                                                                                         
           "Shared Dirtied Blocks": 0,                                                                                      
           "Shared Written Blocks": 0,                                                                                      
           "Local Hit Blocks": 0,                                                                                           
           "Local Read Blocks": 0,                                                                                          
           "Local Dirtied Blocks": 0,                                                                                       
           "Local Written Blocks": 0,                                                                                       
           "Temp Read Blocks": 0,                                                                                           
           "Temp Written Blocks": 0,                                                                                        
           "Plans": [                                                                                                       
             {                                                                                                              
               "Node Type": "Hash Join",                                                                                    
               "Parent Relationship": "Outer",                                                                              
               "Parallel Aware": false,                                                                                     
               "Async Capable": false,                                                                                      
               "Join Type": "Right",                                                                                        
               "Startup Cost": 32.95,                                                                                       
               "Total Cost": 45.32,                                                                                         
               "Plan Rows": 45,                                                                                             
               "Plan Width": 12,                                                                                            
               "Output": ["f.id_documento", "f.data_limite", "r.id_usuario"],                                               
               "Inner Unique": false,                                                                                       
               "Hash Cond": "(r.id_pergunta = p.id)",                                                                       
               "Shared Hit Blocks": 0,                                                                                      
               "Shared Read Blocks": 0,                                                                                     
               "Shared Dirtied Blocks": 0,                                                                                  
               "Shared Written Blocks": 0,                                                                                  
               "Local Hit Blocks": 0,                                                                                       
               "Local Read Blocks": 0,                                                                                      
               "Local Dirtied Blocks": 0,                                                                                   
               "Local Written Blocks": 0,                                                                                   
               "Temp Read Blocks": 0,                                                                                       
               "Temp Written Blocks": 0,                                                                                    
               "Plans": [                                                                                                   
                 {                                                                                                          
                   "Node Type": "Seq Scan",                                                                                 
                   "Parent Relationship": "Outer",                                                                          
                   "Parallel Aware": false,                                                                                 
                   "Async Capable": false,                                                                                  
                   "Relation Name": "resposta",                                                                             
                   "Schema": "public",                                                                                      
                   "Alias": "r",                                                                                            
                   "Startup Cost": 0.00,                                                                                    
                   "Total Cost": 11.40,                                                                                     
                   "Plan Rows": 140,                                                                                        
                   "Plan Width": 8,                                                                                         
                   "Output": ["r.id", "r.id_pergunta", "r.id_usuario", "r.conteudo"],                                       
                   "Shared Hit Blocks": 0,                                                                                  
                   "Shared Read Blocks": 0,                                                                                 
                   "Shared Dirtied Blocks": 0,                                                                              
                   "Shared Written Blocks": 0,                                                                              
                   "Local Hit Blocks": 0,                                                                                   
                   "Local Read Blocks": 0,                                                                                  
                   "Local Dirtied Blocks": 0,                                                                               
                   "Local Written Blocks": 0,                                                                               
                   "Temp Read Blocks": 0,                                                                                   
                   "Temp Written Blocks": 0                                                                                 
                 },                                                                                                         
                 {                                                                                                          
                   "Node Type": "Hash",                                                                                     
                   "Parent Relationship": "Inner",                                                                          
                   "Parallel Aware": false,                                                                                 
                   "Async Capable": false,                                                                                  
                   "Startup Cost": 32.38,                                                                                   
                   "Total Cost": 32.38,                                                                                     
                   "Plan Rows": 45,                                                                                         
                   "Plan Width": 12,                                                                                        
                   "Output": ["f.id_documento", "f.data_limite", "p.id"],                                                   
                   "Shared Hit Blocks": 0,                                                                                  
                   "Shared Read Blocks": 0,                                                                                 
                   "Shared Dirtied Blocks": 0,                                                                              
                   "Shared Written Blocks": 0,                                                                              
                   "Local Hit Blocks": 0,                                                                                   
                   "Local Read Blocks": 0,                                                                                  
                   "Local Dirtied Blocks": 0,                                                                               
                   "Local Written Blocks": 0,                                                                               
                   "Temp Read Blocks": 0,                                                                                   
                   "Temp Written Blocks": 0,                                                                                
                   "Plans": [                                                                                               
                     {                                                                                                      
                       "Node Type": "Hash Join",                                                                            
                       "Parent Relationship": "Outer",                                                                      
                       "Parallel Aware": false,                                                                             
                       "Async Capable": false,                                                                              
                       "Join Type": "Right",                                                                                
                       "Startup Cost": 20.43,                                                                               
                       "Total Cost": 32.38,                                                                                 
                       "Plan Rows": 45,                                                                                     
                       "Plan Width": 12,                                                                                    
                       "Output": ["f.id_documento", "f.data_limite", "p.id"],                                               
                       "Inner Unique": false,                                                                               
                       "Hash Cond": "(p.id_formulario = f.id_documento)",                                                   
                       "Shared Hit Blocks": 0,                                                                              
                       "Shared Read Blocks": 0,                                                                             
                       "Shared Dirtied Blocks": 0,                                                                          
                       "Shared Written Blocks": 0,                                                                          
                       "Local Hit Blocks": 0,                                                                               
                       "Local Read Blocks": 0,                                                                              
                       "Local Dirtied Blocks": 0,                                                                           
                       "Local Written Blocks": 0,                                                                           
                       "Temp Read Blocks": 0,                                                                               
                       "Temp Written Blocks": 0,                                                                            
                       "Plans": [                                                                                           
                         {                                                                                                  
                           "Node Type": "Seq Scan",                                                                         
                           "Parent Relationship": "Outer",                                                                  
                           "Parallel Aware": false,                                                                         
                           "Async Capable": false,                                                                          
                           "Relation Name": "pergunta",                                                                     
                           "Schema": "public",                                                                              
                           "Alias": "p",                                                                                    
                           "Startup Cost": 0.00,                                                                            
                           "Total Cost": 11.40,                                                                             
                           "Plan Rows": 140,                                                                                
                           "Plan Width": 8,                                                                                 
                           "Output": ["p.id", "p.id_formulario", "p.conteudo"],                                             
                           "Shared Hit Blocks": 0,                                                                          
                           "Shared Read Blocks": 0,                                                                         
                           "Shared Dirtied Blocks": 0,                                                                      
                           "Shared Written Blocks": 0,                                                                      
                           "Local Hit Blocks": 0,                                                                           
                           "Local Read Blocks": 0,                                                                          
                           "Local Dirtied Blocks": 0,                                                                       
                           "Local Written Blocks": 0,                                                                       
                           "Temp Read Blocks": 0,                                                                           
                           "Temp Written Blocks": 0                                                                         
                         },                                                                                                 
                         {                                                                                                  
                           "Node Type": "Hash",                                                                             
                           "Parent Relationship": "Inner",                                                                  
                           "Parallel Aware": false,                                                                         
                           "Async Capable": false,                                                                          
                           "Startup Cost": 19.87,                                                                           
                           "Total Cost": 19.87,                                                                             
                           "Plan Rows": 45,                                                                                 
                           "Plan Width": 8,                                                                                 
                           "Output": ["f.id_documento", "f.data_limite"],                                                   
                           "Shared Hit Blocks": 0,                                                                          
                           "Shared Read Blocks": 0,                                                                         
                           "Shared Dirtied Blocks": 0,                                                                      
                           "Shared Written Blocks": 0,                                                                      
                           "Local Hit Blocks": 0,                                                                           
                           "Local Read Blocks": 0,                                                                          
                           "Local Dirtied Blocks": 0,                                                                       
                           "Local Written Blocks": 0,                                                                       
                           "Temp Read Blocks": 0,                                                                           
                           "Temp Written Blocks": 0,                                                                        
                           "Plans": [                                                                                       
                             {                                                                                              
                               "Node Type": "Nested Loop",                                                                  
                               "Parent Relationship": "Outer",                                                              
                               "Parallel Aware": false,                                                                     
                               "Async Capable": false,                                                                      
                               "Join Type": "Inner",                                                                        
                               "Startup Cost": 8.32,                                                                        
                               "Total Cost": 19.87,                                                                         
                               "Plan Rows": 45,                                                                             
                               "Plan Width": 8,                                                                             
                               "Output": ["f.id_documento", "f.data_limite"],                                               
                               "Inner Unique": true,                                                                        
                               "Shared Hit Blocks": 0,                                                                      
                               "Shared Read Blocks": 0,                                                                     
                               "Shared Dirtied Blocks": 0,                                                                  
                               "Shared Written Blocks": 0,                                                                  
                               "Local Hit Blocks": 0,                                                                       
                               "Local Read Blocks": 0,                                                                      
                               "Local Dirtied Blocks": 0,                                                                   
                               "Local Written Blocks": 0,                                                                   
                               "Temp Read Blocks": 0,                                                                       
                               "Temp Written Blocks": 0,                                                                    
                               "Plans": [                                                                                   
                                 {                                                                                          
                                   "Node Type": "Hash Join",                                                                
                                   "Parent Relationship": "Outer",                                                          
                                   "Parallel Aware": false,                                                                 
                                   "Async Capable": false,                                                                  
                                   "Join Type": "Inner",                                                                    
                                   "Startup Cost": 8.17,                                                                    
                                   "Total Cost": 19.06,                                                                     
                                   "Plan Rows": 1,                                                                          
                                   "Plan Width": 4,                                                                         
                                   "Output": ["d.id"],                                                                      
                                   "Inner Unique": true,                                                                    
                                   "Hash Cond": "(d.id_dono = u.id)",                                                       
                                   "Shared Hit Blocks": 0,                                                                  
                                   "Shared Read Blocks": 0,                                                                 
                                   "Shared Dirtied Blocks": 0,                                                              
                                   "Shared Written Blocks": 0,                                                              
                                   "Local Hit Blocks": 0,                                                                   
                                   "Local Read Blocks": 0,                                                                  
                                   "Local Dirtied Blocks": 0,                                                               
                                   "Local Written Blocks": 0,                                                               
                                   "Temp Read Blocks": 0,                                                                   
                                   "Temp Written Blocks": 0,                                                                
                                   "Plans": [                                                                               
                                     {                                                                                      
                                       "Node Type": "Seq Scan",                                                             
                                       "Parent Relationship": "Outer",                                                      
                                       "Parallel Aware": false,                                                             
                                       "Async Capable": false,                                                              
                                       "Relation Name": "documento",                                                        
                                       "Schema": "public",                                                                  
                                       "Alias": "d",                                                                        
                                       "Startup Cost": 0.00,                                                                
                                       "Total Cost": 10.70,                                                                 
                                       "Plan Rows": 70,                                                                     
                                       "Plan Width": 8,                                                                     
                                       "Output": ["d.id", "d.tipo", "d.nome", "d.descricao", "d.data_criacao", "d.id_dono"],
                                       "Shared Hit Blocks": 0,                                                              
                                       "Shared Read Blocks": 0,                                                             
                                       "Shared Dirtied Blocks": 0,                                                          
                                       "Shared Written Blocks": 0,                                                          
                                       "Local Hit Blocks": 0,                                                               
                                       "Local Read Blocks": 0,                                                              
                                       "Local Dirtied Blocks": 0,                                                           
                                       "Local Written Blocks": 0,                                                           
                                       "Temp Read Blocks": 0,                                                               
                                       "Temp Written Blocks": 0                                                             
                                     },                                                                                     
                                     {                                                                                      
                                       "Node Type": "Hash",                                                                 
                                       "Parent Relationship": "Inner",                                                      
                                       "Parallel Aware": false,                                                             
                                       "Async Capable": false,                                                              
                                       "Startup Cost": 8.16,                                                                
                                       "Total Cost": 8.16,                                                                  
                                       "Plan Rows": 1,                                                                      
                                       "Plan Width": 4,                                                                     
                                       "Output": ["u.id"],                                                                  
                                       "Shared Hit Blocks": 0,                                                              
                                       "Shared Read Blocks": 0,                                                             
                                       "Shared Dirtied Blocks": 0,                                                          
                                       "Shared Written Blocks": 0,                                                          
                                       "Local Hit Blocks": 0,                                                               
                                       "Local Read Blocks": 0,                                                              
                                       "Local Dirtied Blocks": 0,                                                           
                                       "Local Written Blocks": 0,                                                           
                                       "Temp Read Blocks": 0,                                                               
                                       "Temp Written Blocks": 0,                                                            
                                       "Plans": [                                                                           
                                         {                                                                                  
                                           "Node Type": "Index Scan",                                                       
                                           "Parent Relationship": "Outer",                                                  
                                           "Parallel Aware": false,                                                         
                                           "Async Capable": false,                                                          
                                           "Scan Direction": "Forward",                                                     
                                           "Index Name": "usuario_email_key",                                               
                                           "Relation Name": "usuario",                                                      
                                           "Schema": "public",                                                              
                                           "Alias": "u",                                                                    
                                           "Startup Cost": 0.14,                                                            
                                           "Total Cost": 8.16,                                                              
                                           "Plan Rows": 1,                                                                  
                                           "Plan Width": 4,                                                                 
                                           "Output": ["u.id"],                                                              
                                           "Index Cond": "((u.email)::text = 'luciano@email.com'::text)",                   
                                           "Shared Hit Blocks": 0,                                                          
                                           "Shared Read Blocks": 0,                                                         
                                           "Shared Dirtied Blocks": 0,                                                      
                                           "Shared Written Blocks": 0,                                                      
                                           "Local Hit Blocks": 0,                                                           
                                           "Local Read Blocks": 0,                                                          
                                           "Local Dirtied Blocks": 0,                                                       
                                           "Local Written Blocks": 0,                                                       
                                           "Temp Read Blocks": 0,                                                           
                                           "Temp Written Blocks": 0                                                         
                                         }                                                                                  
                                       ]                                                                                    
                                     }                                                                                      
                                   ]                                                                                        
                                 },                                                                                         
                                 {                                                                                          
                                   "Node Type": "Index Scan",                                                               
                                   "Parent Relationship": "Inner",                                                          
                                   "Parallel Aware": false,                                                                 
                                   "Async Capable": false,                                                                  
                                   "Scan Direction": "Forward",                                                             
                                   "Index Name": "formulario_pkey",                                                         
                                   "Relation Name": "formulario",                                                           
                                   "Schema": "public",                                                                      
                                   "Alias": "f",                                                                            
                                   "Startup Cost": 0.15,                                                                    
                                   "Total Cost": 0.80,                                                                      
                                   "Plan Rows": 1,                                                                          
                                   "Plan Width": 8,                                                                         
                                   "Output": ["f.id_documento", "f.data_limite"],                                           
                                   "Index Cond": "(f.id_documento = d.id)",                                                 
                                   "Shared Hit Blocks": 0,                                                                  
                                   "Shared Read Blocks": 0,                                                                 
                                   "Shared Dirtied Blocks": 0,                                                              
                                   "Shared Written Blocks": 0,                                                              
                                   "Local Hit Blocks": 0,                                                                   
                                   "Local Read Blocks": 0,                                                                  
                                   "Local Dirtied Blocks": 0,                                                               
                                   "Local Written Blocks": 0,                                                               
                                   "Temp Read Blocks": 0,                                                                   
                                   "Temp Written Blocks": 0                                                                 
                                 }                                                                                          
                               ]                                                                                            
                             }                                                                                              
                           ]                                                                                                
                         }                                                                                                  
                       ]                                                                                                    
                     }                                                                                                      
                   ]                                                                                                        
                 }                                                                                                          
               ]                                                                                                            
             }                                                                                                              
           ]                                                                                                                
         }                                                                                                                  
       ]                                                                                                                    
     },                                                                                                                     
     "Planning": {                                                                                                          
       "Shared Hit Blocks": 78,                                                                                             
       "Shared Read Blocks": 0,                                                                                             
       "Shared Dirtied Blocks": 0,                                                                                          
       "Shared Written Blocks": 0,                                                                                          
       "Local Hit Blocks": 0,                                                                                               
       "Local Read Blocks": 0,                                                                                              
       "Local Dirtied Blocks": 0,                                                                                           
       "Local Written Blocks": 0,                                                                                           
       "Temp Read Blocks": 0,                                                                                               
       "Temp Written Blocks": 0                                                                                             
     }                                                                                                                      
   }                                                                                                                        
 ]
(1 row)

                                                   QUERY PLAN                                                    
-----------------------------------------------------------------------------------------------------------------
 [                                                                                                              
   {                                                                                                            
     "Plan": {                                                                                                  
       "Node Type": "Nested Loop",                                                                              
       "Parallel Aware": false,                                                                                 
       "Async Capable": false,                                                                                  
       "Join Type": "Anti",                                                                                     
       "Startup Cost": 8.77,                                                                                    
       "Total Cost": 22.29,                                                                                     
       "Plan Rows": 1,                                                                                          
       "Plan Width": 1040,                                                                                      
       "Output": ["d.id", "d.tipo", "d.nome", "d.descricao"],                                                   
       "Inner Unique": false,                                                                                   
       "Shared Hit Blocks": 0,                                                                                  
       "Shared Read Blocks": 0,                                                                                 
       "Shared Dirtied Blocks": 0,                                                                              
       "Shared Written Blocks": 0,                                                                              
       "Local Hit Blocks": 0,                                                                                   
       "Local Read Blocks": 0,                                                                                  
       "Local Dirtied Blocks": 0,                                                                               
       "Local Written Blocks": 0,                                                                               
       "Temp Read Blocks": 0,                                                                                   
       "Temp Written Blocks": 0,                                                                                
       "Plans": [                                                                                               
         {                                                                                                      
           "Node Type": "Nested Loop",                                                                          
           "Parent Relationship": "Outer",                                                                      
           "Parallel Aware": false,                                                                             
           "Async Capable": false,                                                                              
           "Join Type": "Anti",                                                                                 
           "Startup Cost": 8.63,                                                                                
           "Total Cost": 21.49,                                                                                 
           "Plan Rows": 1,                                                                                      
           "Plan Width": 1040,                                                                                  
           "Output": ["d.id", "d.tipo", "d.nome", "d.descricao"],                                               
           "Inner Unique": false,                                                                               
           "Shared Hit Blocks": 0,                                                                              
           "Shared Read Blocks": 0,                                                                             
           "Shared Dirtied Blocks": 0,                                                                          
           "Shared Written Blocks": 0,                                                                          
           "Local Hit Blocks": 0,                                                                               
           "Local Read Blocks": 0,                                                                              
           "Local Dirtied Blocks": 0,                                                                           
           "Local Written Blocks": 0,                                                                           
           "Temp Read Blocks": 0,                                                                               
           "Temp Written Blocks": 0,                                                                            
           "Plans": [                                                                                           
             {                                                                                                  
               "Node Type": "Nested Loop",                                                                      
               "Parent Relationship": "Outer",                                                                  
               "Parallel Aware": false,                                                                         
               "Async Capable": false,                                                                          
               "Join Type": "Anti",                                                                             
               "Startup Cost": 8.48,                                                                            
               "Total Cost": 20.68,                                                                             
               "Plan Rows": 1,                                                                                  
               "Plan Width": 1040,                                                                              
               "Output": ["d.id", "d.tipo", "d.nome", "d.descricao"],                                           
               "Inner Unique": false,                                                                           
               "Shared Hit Blocks": 0,                                                                          
               "Shared Read Blocks": 0,                                                                         
               "Shared Dirtied Blocks": 0,                                                                      
               "Shared Written Blocks": 0,                                                                      
               "Local Hit Blocks": 0,                                                                           
               "Local Read Blocks": 0,                                                                          
               "Local Dirtied Blocks": 0,                                                                       
               "Local Written Blocks": 0,                                                                       
               "Temp Read Blocks": 0,                                                                           
               "Temp Written Blocks": 0,                                                                        
               "Plans": [                                                                                       
                 {                                                                                              
                   "Node Type": "Nested Loop",                                                                  
                   "Parent Relationship": "Outer",                                                              
                   "Parallel Aware": false,                                                                     
                   "Async Capable": false,                                                                      
                   "Join Type": "Anti",                                                                         
                   "Startup Cost": 8.32,                                                                        
                   "Total Cost": 19.87,                                                                         
                   "Plan Rows": 1,                                                                              
                   "Plan Width": 1040,                                                                          
                   "Output": ["d.id", "d.tipo", "d.nome", "d.descricao"],                                       
                   "Inner Unique": false,                                                                       
                   "Shared Hit Blocks": 0,                                                                      
                   "Shared Read Blocks": 0,                                                                     
                   "Shared Dirtied Blocks": 0,                                                                  
                   "Shared Written Blocks": 0,                                                                  
                   "Local Hit Blocks": 0,                                                                       
                   "Local Read Blocks": 0,                                                                      
                   "Local Dirtied Blocks": 0,                                                                   
                   "Local Written Blocks": 0,                                                                   
                   "Temp Read Blocks": 0,                                                                       
                   "Temp Written Blocks": 0,                                                                    
                   "Plans": [                                                                                   
                     {                                                                                          
                       "Node Type": "Hash Join",                                                                
                       "Parent Relationship": "Outer",                                                          
                       "Parallel Aware": false,                                                                 
                       "Async Capable": false,                                                                  
                       "Join Type": "Inner",                                                                    
                       "Startup Cost": 8.17,                                                                    
                       "Total Cost": 19.06,                                                                     
                       "Plan Rows": 1,                                                                          
                       "Plan Width": 1040,                                                                      
                       "Output": ["d.id", "d.tipo", "d.nome", "d.descricao"],                                   
                       "Inner Unique": true,                                                                    
                       "Hash Cond": "(d.id_dono = u.id)",                                                       
                       "Shared Hit Blocks": 0,                                                                  
                       "Shared Read Blocks": 0,                                                                 
                       "Shared Dirtied Blocks": 0,                                                              
                       "Shared Written Blocks": 0,                                                              
                       "Local Hit Blocks": 0,                                                                   
                       "Local Read Blocks": 0,                                                                  
                       "Local Dirtied Blocks": 0,                                                               
                       "Local Written Blocks": 0,                                                               
                       "Temp Read Blocks": 0,                                                                   
                       "Temp Written Blocks": 0,                                                                
                       "Plans": [                                                                               
                         {                                                                                      
                           "Node Type": "Seq Scan",                                                             
                           "Parent Relationship": "Outer",                                                      
                           "Parallel Aware": false,                                                             
                           "Async Capable": false,                                                              
                           "Relation Name": "documento",                                                        
                           "Schema": "public",                                                                  
                           "Alias": "d",                                                                        
                           "Startup Cost": 0.00,                                                                
                           "Total Cost": 10.70,                                                                 
                           "Plan Rows": 70,                                                                     
                           "Plan Width": 1044,                                                                  
                           "Output": ["d.id", "d.tipo", "d.nome", "d.descricao", "d.data_criacao", "d.id_dono"],
                           "Shared Hit Blocks": 0,                                                              
                           "Shared Read Blocks": 0,                                                             
                           "Shared Dirtied Blocks": 0,                                                          
                           "Shared Written Blocks": 0,                                                          
                           "Local Hit Blocks": 0,                                                               
                           "Local Read Blocks": 0,                                                              
                           "Local Dirtied Blocks": 0,                                                           
                           "Local Written Blocks": 0,                                                           
                           "Temp Read Blocks": 0,                                                               
                           "Temp Written Blocks": 0                                                             
                         },                                                                                     
                         {                                                                                      
                           "Node Type": "Hash",                                                                 
                           "Parent Relationship": "Inner",                                                      
                           "Parallel Aware": false,                                                             
                           "Async Capable": false,                                                              
                           "Startup Cost": 8.16,                                                                
                           "Total Cost": 8.16,                                                                  
                           "Plan Rows": 1,                                                                      
                           "Plan Width": 4,                                                                     
                           "Output": ["u.id"],                                                                  
                           "Shared Hit Blocks": 0,                                                              
                           "Shared Read Blocks": 0,                                                             
                           "Shared Dirtied Blocks": 0,                                                          
                           "Shared Written Blocks": 0,                                                          
                           "Local Hit Blocks": 0,                                                               
                           "Local Read Blocks": 0,                                                              
                           "Local Dirtied Blocks": 0,                                                           
                           "Local Written Blocks": 0,                                                           
                           "Temp Read Blocks": 0,                                                               
                           "Temp Written Blocks": 0,                                                            
                           "Plans": [                                                                           
                             {                                                                                  
                               "Node Type": "Index Scan",                                                       
                               "Parent Relationship": "Outer",                                                  
                               "Parallel Aware": false,                                                         
                               "Async Capable": false,                                                          
                               "Scan Direction": "Forward",                                                     
                               "Index Name": "usuario_email_key",                                               
                               "Relation Name": "usuario",                                                      
                               "Schema": "public",                                                              
                               "Alias": "u",                                                                    
                               "Startup Cost": 0.14,                                                            
                               "Total Cost": 8.16,                                                              
                               "Plan Rows": 1,                                                                  
                               "Plan Width": 4,                                                                 
                               "Output": ["u.id"],                                                              
                               "Index Cond": "((u.email)::text = 'willian@email.com'::text)",                   
                               "Shared Hit Blocks": 0,                                                          
                               "Shared Read Blocks": 0,                                                         
                               "Shared Dirtied Blocks": 0,                                                      
                               "Shared Written Blocks": 0,                                                      
                               "Local Hit Blocks": 0,                                                           
                               "Local Read Blocks": 0,                                                          
                               "Local Dirtied Blocks": 0,                                                       
                               "Local Written Blocks": 0,                                                       
                               "Temp Read Blocks": 0,                                                           
                               "Temp Written Blocks": 0                                                         
                             }                                                                                  
                           ]                                                                                    
                         }                                                                                      
                       ]                                                                                        
                     },                                                                                         
                     {                                                                                          
                       "Node Type": "Index Only Scan",                                                          
                       "Parent Relationship": "Inner",                                                          
                       "Parallel Aware": false,                                                                 
                       "Async Capable": false,                                                                  
                       "Scan Direction": "Forward",                                                             
                       "Index Name": "planilha_pkey",                                                           
                       "Relation Name": "planilha",                                                             
                       "Schema": "public",                                                                      
                       "Alias": "p",                                                                            
                       "Startup Cost": 0.15,                                                                    
                       "Total Cost": 0.80,                                                                      
                       "Plan Rows": 1,                                                                          
                       "Plan Width": 4,                                                                         
                       "Output": ["p.id_documento"],                                                            
                       "Index Cond": "(p.id_documento = d.id)",                                                 
                       "Shared Hit Blocks": 0,                                                                  
                       "Shared Read Blocks": 0,                                                                 
                       "Shared Dirtied Blocks": 0,                                                              
                       "Shared Written Blocks": 0,                                                              
                       "Local Hit Blocks": 0,                                                                   
                       "Local Read Blocks": 0,                                                                  
                       "Local Dirtied Blocks": 0,                                                               
                       "Local Written Blocks": 0,                                                               
                       "Temp Read Blocks": 0,                                                                   
                       "Temp Written Blocks": 0                                                                 
                     }                                                                                          
                   ]                                                                                            
                 },                                                                                             
                 {                                                                                              
                   "Node Type": "Index Only Scan",                                                              
                   "Parent Relationship": "Inner",                                                              
                   "Parallel Aware": false,                                                                     
                   "Async Capable": false,                                                                      
                   "Scan Direction": "Forward",                                                                 
                   "Index Name": "formulario_pkey",                                                             
                   "Relation Name": "formulario",                                                               
                   "Schema": "public",                                                                          
                   "Alias": "f",                                                                                
                   "Startup Cost": 0.15,                                                                        
                   "Total Cost": 0.80,                                                                          
                   "Plan Rows": 1,                                                                              
                   "Plan Width": 4,                                                                             
                   "Output": ["f.id_documento"],                                                                
                   "Index Cond": "(f.id_documento = d.id)",                                                     
                   "Shared Hit Blocks": 0,                                                                      
                   "Shared Read Blocks": 0,                                                                     
                   "Shared Dirtied Blocks": 0,                                                                  
                   "Shared Written Blocks": 0,                                                                  
                   "Local Hit Blocks": 0,                                                                       
                   "Local Read Blocks": 0,                                                                      
                   "Local Dirtied Blocks": 0,                                                                   
                   "Local Written Blocks": 0,                                                                   
                   "Temp Read Blocks": 0,                                                                       
                   "Temp Written Blocks": 0                                                                     
                 }                                                                                              
               ]                                                                                                
             },                                                                                                 
             {                                                                                                  
               "Node Type": "Index Only Scan",                                                                  
               "Parent Relationship": "Inner",                                                                  
               "Parallel Aware": false,                                                                         
               "Async Capable": false,                                                                          
               "Scan Direction": "Forward",                                                                     
               "Index Name": "documento_texto_pkey",                                                            
               "Relation Name": "documento_texto",                                                              
               "Schema": "public",                                                                              
               "Alias": "dt",                                                                                   
               "Startup Cost": 0.15,                                                                            
               "Total Cost": 0.80,                                                                              
               "Plan Rows": 1,                                                                                  
               "Plan Width": 4,                                                                                 
               "Output": ["dt.id_documento"],                                                                   
               "Index Cond": "(dt.id_documento = d.id)",                                                        
               "Shared Hit Blocks": 0,                                                                          
               "Shared Read Blocks": 0,                                                                         
               "Shared Dirtied Blocks": 0,                                                                      
               "Shared Written Blocks": 0,                                                                      
               "Local Hit Blocks": 0,                                                                           
               "Local Read Blocks": 0,                                                                          
               "Local Dirtied Blocks": 0,                                                                       
               "Local Written Blocks": 0,                                                                       
               "Temp Read Blocks": 0,                                                                           
               "Temp Written Blocks": 0                                                                         
             }                                                                                                  
           ]                                                                                                    
         },                                                                                                     
         {                                                                                                      
           "Node Type": "Index Only Scan",                                                                      
           "Parent Relationship": "Inner",                                                                      
           "Parallel Aware": false,                                                                             
           "Async Capable": false,                                                                              
           "Scan Direction": "Forward",                                                                         
           "Index Name": "apresentacao_pkey",                                                                   
           "Relation Name": "apresentacao",                                                                     
           "Schema": "public",                                                                                  
           "Alias": "a",                                                                                        
           "Startup Cost": 0.14,                                                                                
           "Total Cost": 0.79,                                                                                  
           "Plan Rows": 1,                                                                                      
           "Plan Width": 4,                                                                                     
           "Output": ["a.id_documento"],                                                                        
           "Index Cond": "(a.id_documento = d.id)",                                                             
           "Shared Hit Blocks": 0,                                                                              
           "Shared Read Blocks": 0,                                                                             
           "Shared Dirtied Blocks": 0,                                                                          
           "Shared Written Blocks": 0,                                                                          
           "Local Hit Blocks": 0,                                                                               
           "Local Read Blocks": 0,                                                                              
           "Local Dirtied Blocks": 0,                                                                           
           "Local Written Blocks": 0,                                                                           
           "Temp Read Blocks": 0,                                                                               
           "Temp Written Blocks": 0                                                                             
         }                                                                                                      
       ]                                                                                                        
     },                                                                                                         
     "Planning": {                                                                                              
       "Shared Hit Blocks": 80,                                                                                 
       "Shared Read Blocks": 0,                                                                                 
       "Shared Dirtied Blocks": 0,                                                                              
       "Shared Written Blocks": 0,                                                                              
       "Local Hit Blocks": 0,                                                                                   
       "Local Read Blocks": 0,                                                                                  
       "Local Dirtied Blocks": 0,                                                                               
       "Local Written Blocks": 0,                                                                               
       "Temp Read Blocks": 0,                                                                                   
       "Temp Written Blocks": 0                                                                                 
     }                                                                                                          
   }                                                                                                            
 ]
(1 row)

                                                                          QUERY PLAN                                                                           
---------------------------------------------------------------------------------------------------------------------------------------------------------------
 [                                                                                                                                                            
   {                                                                                                                                                          
     "Plan": {                                                                                                                                                
       "Node Type": "Sort",                                                                                                                                   
       "Parallel Aware": false,                                                                                                                               
       "Async Capable": false,                                                                                                                                
       "Startup Cost": 315.21,                                                                                                                                
       "Total Cost": 315.22,                                                                                                                                  
       "Plan Rows": 1,                                                                                                                                        
       "Plan Width": 1556,                                                                                                                                    
       "Output": ["d.id", "d.nome", "d.descricao", "d.data_criacao", "u.nome"],                                                                               
       "Sort Key": ["d.data_criacao DESC"],                                                                                                                   
       "Shared Hit Blocks": 0,                                                                                                                                
       "Shared Read Blocks": 0,                                                                                                                               
       "Shared Dirtied Blocks": 0,                                                                                                                            
       "Shared Written Blocks": 0,                                                                                                                            
       "Local Hit Blocks": 0,                                                                                                                                 
       "Local Read Blocks": 0,                                                                                                                                
       "Local Dirtied Blocks": 0,                                                                                                                             
       "Local Written Blocks": 0,                                                                                                                             
       "Temp Read Blocks": 0,                                                                                                                                 
       "Temp Written Blocks": 0,                                                                                                                              
       "Plans": [                                                                                                                                             
         {                                                                                                                                                    
           "Node Type": "Nested Loop",                                                                                                                        
           "Parent Relationship": "Outer",                                                                                                                    
           "Parallel Aware": false,                                                                                                                           
           "Async Capable": false,                                                                                                                            
           "Join Type": "Inner",                                                                                                                              
           "Startup Cost": 19.60,                                                                                                                             
           "Total Cost": 315.20,                                                                                                                              
           "Plan Rows": 1,                                                                                                                                    
           "Plan Width": 1556,                                                                                                                                
           "Output": ["d.id", "d.nome", "d.descricao", "d.data_criacao", "u.nome"],                                                                           
           "Inner Unique": false,                                                                                                                             
           "Shared Hit Blocks": 0,                                                                                                                            
           "Shared Read Blocks": 0,                                                                                                                           
           "Shared Dirtied Blocks": 0,                                                                                                                        
           "Shared Written Blocks": 0,                                                                                                                        
           "Local Hit Blocks": 0,                                                                                                                             
           "Local Read Blocks": 0,                                                                                                                            
           "Local Dirtied Blocks": 0,                                                                                                                         
           "Local Written Blocks": 0,                                                                                                                         
           "Temp Read Blocks": 0,                                                                                                                             
           "Temp Written Blocks": 0,                                                                                                                          
           "Plans": [                                                                                                                                         
             {                                                                                                                                                
               "Node Type": "Index Scan",                                                                                                                     
               "Parent Relationship": "Outer",                                                                                                                
               "Parallel Aware": false,                                                                                                                       
               "Async Capable": false,                                                                                                                        
               "Scan Direction": "Forward",                                                                                                                   
               "Index Name": "usuario_email_key",                                                                                                             
               "Relation Name": "usuario",                                                                                                                    
               "Schema": "public",                                                                                                                            
               "Alias": "u2",                                                                                                                                 
               "Startup Cost": 0.14,                                                                                                                          
               "Total Cost": 8.16,                                                                                                                            
               "Plan Rows": 1,                                                                                                                                
               "Plan Width": 4,                                                                                                                               
               "Output": ["u2.id", "u2.nome", "u2.email", "u2.senha", "u2.data_nasc", "u2.data_ingresso"],                                                    
               "Index Cond": "((u2.email)::text = 'fatima@email.com'::text)",                                                                                 
               "Shared Hit Blocks": 0,                                                                                                                        
               "Shared Read Blocks": 0,                                                                                                                       
               "Shared Dirtied Blocks": 0,                                                                                                                    
               "Shared Written Blocks": 0,                                                                                                                    
               "Local Hit Blocks": 0,                                                                                                                         
               "Local Read Blocks": 0,                                                                                                                        
               "Local Dirtied Blocks": 0,                                                                                                                     
               "Local Written Blocks": 0,                                                                                                                     
               "Temp Read Blocks": 0,                                                                                                                         
               "Temp Written Blocks": 0                                                                                                                       
             },                                                                                                                                               
             {                                                                                                                                                
               "Node Type": "Nested Loop",                                                                                                                    
               "Parent Relationship": "Inner",                                                                                                                
               "Parallel Aware": false,                                                                                                                       
               "Async Capable": false,                                                                                                                        
               "Join Type": "Inner",                                                                                                                          
               "Startup Cost": 19.46,                                                                                                                         
               "Total Cost": 306.82,                                                                                                                          
               "Plan Rows": 23,                                                                                                                               
               "Plan Width": 1568,                                                                                                                            
               "Output": ["d.id", "d.nome", "d.descricao", "d.data_criacao", "u.nome", "u.id", "a.id_remetente", "a.id_destinatario"],                        
               "Inner Unique": false,                                                                                                                         
               "Shared Hit Blocks": 0,                                                                                                                        
               "Shared Read Blocks": 0,                                                                                                                       
               "Shared Dirtied Blocks": 0,                                                                                                                    
               "Shared Written Blocks": 0,                                                                                                                    
               "Local Hit Blocks": 0,                                                                                                                         
               "Local Read Blocks": 0,                                                                                                                        
               "Local Dirtied Blocks": 0,                                                                                                                     
               "Local Written Blocks": 0,                                                                                                                     
               "Temp Read Blocks": 0,                                                                                                                         
               "Temp Written Blocks": 0,                                                                                                                      
               "Plans": [                                                                                                                                     
                 {                                                                                                                                            
                   "Node Type": "Hash Join",                                                                                                                  
                   "Parent Relationship": "Outer",                                                                                                            
                   "Parallel Aware": false,                                                                                                                   
                   "Async Capable": false,                                                                                                                    
                   "Join Type": "Inner",                                                                                                                      
                   "Startup Cost": 11.12,                                                                                                                     
                   "Total Cost": 22.41,                                                                                                                       
                   "Plan Rows": 23,                                                                                                                           
                   "Plan Width": 1560,                                                                                                                        
                   "Output": ["d.id", "d.nome", "d.descricao", "d.data_criacao", "u.nome", "u.id"],                                                           
                   "Inner Unique": true,                                                                                                                      
                   "Hash Cond": "(d.id_dono = u.id)",                                                                                                         
                   "Shared Hit Blocks": 0,                                                                                                                    
                   "Shared Read Blocks": 0,                                                                                                                   
                   "Shared Dirtied Blocks": 0,                                                                                                                
                   "Shared Written Blocks": 0,                                                                                                                
                   "Local Hit Blocks": 0,                                                                                                                     
                   "Local Read Blocks": 0,                                                                                                                    
                   "Local Dirtied Blocks": 0,                                                                                                                 
                   "Local Written Blocks": 0,                                                                                                                 
                   "Temp Read Blocks": 0,                                                                                                                     
                   "Temp Written Blocks": 0,                                                                                                                  
                   "Plans": [                                                                                                                                 
                     {                                                                                                                                        
                       "Node Type": "Seq Scan",                                                                                                               
                       "Parent Relationship": "Outer",                                                                                                        
                       "Parallel Aware": false,                                                                                                               
                       "Async Capable": false,                                                                                                                
                       "Relation Name": "documento",                                                                                                          
                       "Schema": "public",                                                                                                                    
                       "Alias": "d",                                                                                                                          
                       "Startup Cost": 0.00,                                                                                                                  
                       "Total Cost": 11.22,                                                                                                                   
                       "Plan Rows": 23,                                                                                                                       
                       "Plan Width": 1044,                                                                                                                    
                       "Output": ["d.id", "d.tipo", "d.nome", "d.descricao", "d.data_criacao", "d.id_dono"],                                                  
                       "Filter": "(d.data_criacao >= (now() - '7 days'::interval))",                                                                          
                       "Shared Hit Blocks": 0,                                                                                                                
                       "Shared Read Blocks": 0,                                                                                                               
                       "Shared Dirtied Blocks": 0,                                                                                                            
                       "Shared Written Blocks": 0,                                                                                                            
                       "Local Hit Blocks": 0,                                                                                                                 
                       "Local Read Blocks": 0,                                                                                                                
                       "Local Dirtied Blocks": 0,                                                                                                             
                       "Local Written Blocks": 0,                                                                                                             
                       "Temp Read Blocks": 0,                                                                                                                 
                       "Temp Written Blocks": 0                                                                                                               
                     },                                                                                                                                       
                     {                                                                                                                                        
                       "Node Type": "Hash",                                                                                                                   
                       "Parent Relationship": "Inner",                                                                                                        
                       "Parallel Aware": false,                                                                                                               
                       "Async Capable": false,                                                                                                                
                       "Startup Cost": 10.50,                                                                                                                 
                       "Total Cost": 10.50,                                                                                                                   
                       "Plan Rows": 50,                                                                                                                       
                       "Plan Width": 520,                                                                                                                     
                       "Output": ["u.nome", "u.id"],                                                                                                          
                       "Shared Hit Blocks": 0,                                                                                                                
                       "Shared Read Blocks": 0,                                                                                                               
                       "Shared Dirtied Blocks": 0,                                                                                                            
                       "Shared Written Blocks": 0,                                                                                                            
                       "Local Hit Blocks": 0,                                                                                                                 
                       "Local Read Blocks": 0,                                                                                                                
                       "Local Dirtied Blocks": 0,                                                                                                             
                       "Local Written Blocks": 0,                                                                                                             
                       "Temp Read Blocks": 0,                                                                                                                 
                       "Temp Written Blocks": 0,                                                                                                              
                       "Plans": [                                                                                                                             
                         {                                                                                                                                    
                           "Node Type": "Seq Scan",                                                                                                           
                           "Parent Relationship": "Outer",                                                                                                    
                           "Parallel Aware": false,                                                                                                           
                           "Async Capable": false,                                                                                                            
                           "Relation Name": "usuario",                                                                                                        
                           "Schema": "public",                                                                                                                
                           "Alias": "u",                                                                                                                      
                           "Startup Cost": 0.00,                                                                                                              
                           "Total Cost": 10.50,                                                                                                               
                           "Plan Rows": 50,                                                                                                                   
                           "Plan Width": 520,                                                                                                                 
                           "Output": ["u.nome", "u.id"],                                                                                                      
                           "Shared Hit Blocks": 0,                                                                                                            
                           "Shared Read Blocks": 0,                                                                                                           
                           "Shared Dirtied Blocks": 0,                                                                                                        
                           "Shared Written Blocks": 0,                                                                                                        
                           "Local Hit Blocks": 0,                                                                                                             
                           "Local Read Blocks": 0,                                                                                                            
                           "Local Dirtied Blocks": 0,                                                                                                         
                           "Local Written Blocks": 0,                                                                                                         
                           "Temp Read Blocks": 0,                                                                                                             
                           "Temp Written Blocks": 0                                                                                                           
                         }                                                                                                                                    
                       ]                                                                                                                                      
                     }                                                                                                                                        
                   ]                                                                                                                                          
                 },                                                                                                                                           
                 {                                                                                                                                            
                   "Node Type": "Bitmap Heap Scan",                                                                                                           
                   "Parent Relationship": "Inner",                                                                                                            
                   "Parallel Aware": false,                                                                                                                   
                   "Async Capable": false,                                                                                                                    
                   "Relation Name": "amizade",                                                                                                                
                   "Schema": "public",                                                                                                                        
                   "Alias": "a",                                                                                                                              
                   "Startup Cost": 8.33,                                                                                                                      
                   "Total Cost": 12.36,                                                                                                                       
                   "Plan Rows": 1,                                                                                                                            
                   "Plan Width": 8,                                                                                                                           
                   "Output": ["a.id_remetente", "a.id_destinatario"],                                                                                         
                   "Recheck Cond": "(((u.id = a.id_remetente) AND (u2.id = a.id_destinatario)) OR ((u2.id = a.id_remetente) AND (u.id = a.id_destinatario)))",
                   "Shared Hit Blocks": 0,                                                                                                                    
                   "Shared Read Blocks": 0,                                                                                                                   
                   "Shared Dirtied Blocks": 0,                                                                                                                
                   "Shared Written Blocks": 0,                                                                                                                
                   "Local Hit Blocks": 0,                                                                                                                     
                   "Local Read Blocks": 0,                                                                                                                    
                   "Local Dirtied Blocks": 0,                                                                                                                 
                   "Local Written Blocks": 0,                                                                                                                 
                   "Temp Read Blocks": 0,                                                                                                                     
                   "Temp Written Blocks": 0,                                                                                                                  
                   "Plans": [                                                                                                                                 
                     {                                                                                                                                        
                       "Node Type": "BitmapOr",                                                                                                               
                       "Parent Relationship": "Outer",                                                                                                        
                       "Parallel Aware": false,                                                                                                               
                       "Async Capable": false,                                                                                                                
                       "Startup Cost": 8.33,                                                                                                                  
                       "Total Cost": 8.33,                                                                                                                    
                       "Plan Rows": 1,                                                                                                                        
                       "Plan Width": 0,                                                                                                                       
                       "Shared Hit Blocks": 0,                                                                                                                
                       "Shared Read Blocks": 0,                                                                                                               
                       "Shared Dirtied Blocks": 0,                                                                                                            
                       "Shared Written Blocks": 0,                                                                                                            
                       "Local Hit Blocks": 0,                                                                                                                 
                       "Local Read Blocks": 0,                                                                                                                
                       "Local Dirtied Blocks": 0,                                                                                                             
                       "Local Written Blocks": 0,                                                                                                             
                       "Temp Read Blocks": 0,                                                                                                                 
                       "Temp Written Blocks": 0,                                                                                                              
                       "Plans": [                                                                                                                             
                         {                                                                                                                                    
                           "Node Type": "Bitmap Index Scan",                                                                                                  
                           "Parent Relationship": "Member",                                                                                                   
                           "Parallel Aware": false,                                                                                                           
                           "Async Capable": false,                                                                                                            
                           "Index Name": "amizade_pkey",                                                                                                      
                           "Startup Cost": 0.00,                                                                                                              
                           "Total Cost": 4.17,                                                                                                                
                           "Plan Rows": 1,                                                                                                                    
                           "Plan Width": 0,                                                                                                                   
                           "Index Cond": "((a.id_remetente = u.id) AND (a.id_destinatario = u2.id))",                                                         
                           "Shared Hit Blocks": 0,                                                                                                            
                           "Shared Read Blocks": 0,                                                                                                           
                           "Shared Dirtied Blocks": 0,                                                                                                        
                           "Shared Written Blocks": 0,                                                                                                        
                           "Local Hit Blocks": 0,                                                                                                             
                           "Local Read Blocks": 0,                                                                                                            
                           "Local Dirtied Blocks": 0,                                                                                                         
                           "Local Written Blocks": 0,                                                                                                         
                           "Temp Read Blocks": 0,                                                                                                             
                           "Temp Written Blocks": 0                                                                                                           
                         },                                                                                                                                   
                         {                                                                                                                                    
                           "Node Type": "Bitmap Index Scan",                                                                                                  
                           "Parent Relationship": "Member",                                                                                                   
                           "Parallel Aware": false,                                                                                                           
                           "Async Capable": false,                                                                                                            
                           "Index Name": "amizade_pkey",                                                                                                      
                           "Startup Cost": 0.00,                                                                                                              
                           "Total Cost": 4.17,                                                                                                                
                           "Plan Rows": 1,                                                                                                                    
                           "Plan Width": 0,                                                                                                                   
                           "Index Cond": "((a.id_remetente = u2.id) AND (a.id_destinatario = u.id))",                                                         
                           "Shared Hit Blocks": 0,                                                                                                            
                           "Shared Read Blocks": 0,                                                                                                           
                           "Shared Dirtied Blocks": 0,                                                                                                        
                           "Shared Written Blocks": 0,                                                                                                        
                           "Local Hit Blocks": 0,                                                                                                             
                           "Local Read Blocks": 0,                                                                                                            
                           "Local Dirtied Blocks": 0,                                                                                                         
                           "Local Written Blocks": 0,                                                                                                         
                           "Temp Read Blocks": 0,                                                                                                             
                           "Temp Written Blocks": 0                                                                                                           
                         }                                                                                                                                    
                       ]                                                                                                                                      
                     }                                                                                                                                        
                   ]                                                                                                                                          
                 }                                                                                                                                            
               ]                                                                                                                                              
             }                                                                                                                                                
           ]                                                                                                                                                  
         }                                                                                                                                                    
       ]                                                                                                                                                      
     },                                                                                                                                                       
     "Planning": {                                                                                                                                            
       "Shared Hit Blocks": 42,                                                                                                                               
       "Shared Read Blocks": 0,                                                                                                                               
       "Shared Dirtied Blocks": 0,                                                                                                                            
       "Shared Written Blocks": 0,                                                                                                                            
       "Local Hit Blocks": 0,                                                                                                                                 
       "Local Read Blocks": 0,                                                                                                                                
       "Local Dirtied Blocks": 0,                                                                                                                             
       "Local Written Blocks": 0,                                                                                                                             
       "Temp Read Blocks": 0,                                                                                                                                 
       "Temp Written Blocks": 0                                                                                                                               
     }                                                                                                                                                        
   }                                                                                                                                                          
 ]
(1 row)

